{"C:\\Users\\Rajesh\\Documents\\CasinoR\\server\\crypto-service\\src\\crypto\\CrashCalculator.ts": {"path":"C:\\Users\\Rajesh\\Documents\\CasinoR\\server\\crypto-service\\src\\crypto\\CrashCalculator.ts","statementMap":{"0":{"start":{"line":36,"column":0},"end":{"line":36,"column":16}},"1":{"start":{"line":77,"column":0},"end":{"line":77,"column":16}},"2":{"start":{"line":88,"column":0},"end":{"line":88,"column":16}},"3":{"start":{"line":11,"column":0},"end":{"line":11,"column":28}},"4":{"start":{"line":12,"column":0},"end":{"line":12,"column":39}},"5":{"start":{"line":39,"column":45},"end":{"line":39,"column":50}},"6":{"start":{"line":42,"column":29},"end":{"line":42,"column":50}},"7":{"start":{"line":43,"column":18},"end":{"line":43,"column":51}},"8":{"start":{"line":46,"column":15},"end":{"line":46,"column":54}},"9":{"start":{"line":47,"column":2},"end":{"line":47,"column":23}},"10":{"start":{"line":48,"column":15},"end":{"line":48,"column":33}},"11":{"start":{"line":51,"column":22},"end":{"line":51,"column":56}},"12":{"start":{"line":55,"column":2},"end":{"line":57,"column":3}},"13":{"start":{"line":56,"column":4},"end":{"line":56,"column":51}},"14":{"start":{"line":63,"column":25},"end":{"line":63,"column":60}},"15":{"start":{"line":64,"column":21},"end":{"line":64,"column":58}},"16":{"start":{"line":66,"column":2},"end":{"line":70,"column":4}},"17":{"start":{"line":81,"column":17},"end":{"line":81,"column":43}},"18":{"start":{"line":82,"column":2},"end":{"line":82,"column":66}},"19":{"start":{"line":93,"column":29},"end":{"line":93,"column":50}},"20":{"start":{"line":94,"column":18},"end":{"line":94,"column":51}},"21":{"start":{"line":96,"column":15},"end":{"line":96,"column":54}},"22":{"start":{"line":97,"column":2},"end":{"line":97,"column":23}},"23":{"start":{"line":98,"column":2},"end":{"line":98,"column":28}}},"fnMap":{"0":{"name":"calculateCrashPoint","decl":{"start":{"line":36,"column":16},"end":{"line":36,"column":35}},"loc":{"start":{"line":37,"column":30},"end":{"line":71,"column":1}}},"1":{"name":"verifyCrashPoint","decl":{"start":{"line":77,"column":16},"end":{"line":77,"column":32}},"loc":{"start":{"line":79,"column":28},"end":{"line":83,"column":1}}},"2":{"name":"computeGameHash","decl":{"start":{"line":88,"column":16},"end":{"line":88,"column":31}},"loc":{"start":{"line":91,"column":15},"end":{"line":99,"column":1}}}},"branchMap":{"0":{"loc":{"start":{"line":55,"column":2},"end":{"line":57,"column":3}},"type":"if","locations":[{"start":{"line":55,"column":2},"end":{"line":57,"column":3}}]}},"s":{"0":1,"1":1,"2":1,"3":1,"4":1,"5":7,"6":7,"7":7,"8":7,"9":7,"10":7,"11":7,"12":7,"13":0,"14":7,"15":7,"16":7,"17":2,"18":2,"19":1,"20":1,"21":1,"22":1,"23":1},"f":{"0":7,"1":2,"2":1},"b":{"0":[0]}}
}
